Using pre-set license
Built from '2020.3/staging' branch; Version is '2020.3.33f1 (915a7af8b0d5) revision 9525882'; Using compiler version '192528614'; Build Type 'Release'
OS: 'Windows 10  (10.0.19045) 64bit Core' Language: 'ko' Physical Memory: 7973 MB
BatchMode: 1, IsHumanControllingUs: 0, StartBugReporterOnCrash: 0, Is64bit: 1, IsPro: 0

COMMAND LINE ARGUMENTS:
C:\Program Files\Unity\Hub\Editor\2020.3.33f1\Editor\Unity.exe
-adb2
-batchMode
-noUpm
-name
AssetImportWorker1
-projectPath
C:/Users/hdstp/Documents/GitHub/UnityIntroductionProject/UnityIntroductionProject
-logFile
Logs/AssetImportWorker1.log
-srvPort
56984
Successfully changed project path to: C:/Users/hdstp/Documents/GitHub/UnityIntroductionProject/UnityIntroductionProject
C:/Users/hdstp/Documents/GitHub/UnityIntroductionProject/UnityIntroductionProject
Using Asset Import Pipeline V2.
Refreshing native plugins compatible for Editor in 182.09 ms, found 5 plugins.
Preloading 0 native plugins for Editor in 0.00 ms.
Initialize engine version: 2020.3.33f1 (915a7af8b0d5)
[Subsystems] Discovering subsystems at path C:/Program Files/Unity/Hub/Editor/2020.3.33f1/Editor/Data/Resources/UnitySubsystems
[Subsystems] Discovering subsystems at path C:/Users/hdstp/Documents/GitHub/UnityIntroductionProject/UnityIntroductionProject/Assets
GfxDevice: creating device client; threaded=0
Direct3D:
    Version:  Direct3D 11.0 [level 11.0]
    Renderer: Intel(R) HD Graphics 4000 (ID=0x166)
    Vendor:   
    VRAM:     128 MB
    Driver:   10.18.10.4252
Initialize mono
Mono path[0] = 'C:/Program Files/Unity/Hub/Editor/2020.3.33f1/Editor/Data/Managed'
Mono path[1] = 'C:/Program Files/Unity/Hub/Editor/2020.3.33f1/Editor/Data/MonoBleedingEdge/lib/mono/unityjit'
Mono config path = 'C:/Program Files/Unity/Hub/Editor/2020.3.33f1/Editor/Data/MonoBleedingEdge/etc'
Using monoOptions --debugger-agent=transport=dt_socket,embedding=1,server=y,suspend=n,address=127.0.0.1:56548
Begin MonoManager ReloadAssembly
Registering precompiled unity dll's ...
Register platform support module: C:/Program Files/Unity/Hub/Editor/2020.3.33f1/Editor/Data/PlaybackEngines/WindowsStandaloneSupport/UnityEditor.WindowsStandalone.Extensions.dll
Registered in 0.006063 seconds.
Native extension for WindowsStandalone target not found
Refreshing native plugins compatible for Editor in 89.39 ms, found 5 plugins.
Preloading 0 native plugins for Editor in 0.00 ms.
Mono: successfully reloaded assembly
- Completed reload, in  1.287 seconds
Domain Reload Profiling:
	ReloadAssembly (1287ms)
		BeginReloadAssembly (181ms)
			ExecutionOrderSort (0ms)
			DisableScriptedObjects (0ms)
			BackupInstance (0ms)
			ReleaseScriptingObjects (0ms)
			CreateAndSetChildDomain (1ms)
		EndReloadAssembly (953ms)
			LoadAssemblies (175ms)
			RebuildTransferFunctionScriptingTraits (0ms)
			SetupTypeCache (303ms)
			ReleaseScriptCaches (0ms)
			RebuildScriptCaches (60ms)
			SetupLoadedEditorAssemblies (340ms)
				LogAssemblyErrors (0ms)
				InitializePlatformSupportModulesInManaged (9ms)
				SetLoadedEditorAssemblies (1ms)
				RefreshPlugins (90ms)
				BeforeProcessingInitializeOnLoad (26ms)
				ProcessInitializeOnLoadAttributes (161ms)
				ProcessInitializeOnLoadMethodAttributes (52ms)
				AfterProcessingInitializeOnLoad (0ms)
				EditorAssembliesLoaded (0ms)
			ExecutionOrderSort2 (0ms)
			AwakeInstancesAfterBackupRestoration (0ms)
Platform modules already initialized, skipping
Registering precompiled user dll's ...
Registered in 0.012270 seconds.
Begin MonoManager ReloadAssembly
Symbol file LoadedFromMemory doesn't match image C:\Users\hdstp\Documents\GitHub\UnityIntroductionProject\UnityIntroductionProject\Library\PackageCache\com.unity.collab-proxy@1.15.15\Lib\Editor\PlasticSCM\unityplastic.dll
Native extension for WindowsStandalone target not found
Refreshing native plugins compatible for Editor in 89.69 ms, found 5 plugins.
Preloading 0 native plugins for Editor in 0.00 ms.
Mono: successfully reloaded assembly
- Completed reload, in  2.340 seconds
Domain Reload Profiling:
	ReloadAssembly (2343ms)
		BeginReloadAssembly (366ms)
			ExecutionOrderSort (0ms)
			DisableScriptedObjects (8ms)
			BackupInstance (0ms)
			ReleaseScriptingObjects (0ms)
			CreateAndSetChildDomain (33ms)
		EndReloadAssembly (1840ms)
			LoadAssemblies (268ms)
			RebuildTransferFunctionScriptingTraits (0ms)
			SetupTypeCache (585ms)
			ReleaseScriptCaches (1ms)
			RebuildScriptCaches (103ms)
			SetupLoadedEditorAssemblies (675ms)
				LogAssemblyErrors (0ms)
				InitializePlatformSupportModulesInManaged (9ms)
				SetLoadedEditorAssemblies (0ms)
				RefreshPlugins (90ms)
				BeforeProcessingInitializeOnLoad (204ms)
				ProcessInitializeOnLoadAttributes (331ms)
				ProcessInitializeOnLoadMethodAttributes (20ms)
				AfterProcessingInitializeOnLoad (20ms)
				EditorAssembliesLoaded (0ms)
			ExecutionOrderSort2 (0ms)
			AwakeInstancesAfterBackupRestoration (12ms)
Platform modules already initialized, skipping
========================================================================
Worker process is ready to serve import requests
Launched and connected shader compiler UnityShaderCompiler.exe after 0.14 seconds
Refreshing native plugins compatible for Editor in 1.20 ms, found 5 plugins.
Preloading 0 native plugins for Editor in 0.00 ms.
Unloading 2262 Unused Serialized files (Serialized files now loaded: 0)
System memory in use before: 92.4 MB.
System memory in use after: 92.5 MB.

Unloading 23 unused Assets to reduce memory usage. Loaded Objects now: 2693.
Total: 18.613700 ms (FindLiveObjects: 0.962700 ms CreateObjectMapping: 0.398900 ms MarkObjects: 17.139600 ms  DeleteObjects: 0.110300 ms)

AssetImportParameters requested are different than current active one (requested -> active):
  custom:framework-win-MediaFoundation: 216162199b28c13a410421893ffa2e32 -> 
  custom:video-decoder-ogg-theora: a1e56fd34408186e4bbccfd4996cb3dc -> 
  custom:container-muxer-webm: aa71ff27fc2769a1b78a27578f13a17b -> 
  custom:container-demuxer-webm: 4f35f7cbe854078d1ac9338744f61a02 -> 
  custom:container-demuxer-ogg: 62fdf1f143b41e24485cea50d1cbac27 -> 
  custom:video-encoder-webm-vp8: eb34c28f22e8b96e1ab97ce403110664 -> 
  custom:video-decoder-webm-vp8: 9c59270c3fd7afecdb556c50c9e8de78 -> 
  custom:audio-decoder-ogg-vorbis: bf7c407c2cedff20999df2af8eb42d56 -> 
  custom:audio-encoder-webm-vorbis: bf7c407c2cedff20999df2af8eb42d56 -> 
========================================================================
Received Import Request.
  path: Assets/Animation/X Bot@Sitting Clap.fbx
  artifactKey: Guid(d1c40611b29c5344a9dd5a6dc3247357) Importer(815301076,1909f56bfc062723c751e8b465ee728b)
Start importing Assets/Animation/X Bot@Sitting Clap.fbx using Guid(d1c40611b29c5344a9dd5a6dc3247357) Importer(815301076,1909f56bfc062723c751e8b465ee728b)  -> (artifact id: 'ee97fbf39bbfe3a3e69b98b1afe3b751') in 0.638914 seconds 
========================================================================
Received Import Request.
  Time since last request: 0.000434 seconds.
  path: Assets/Animation/X Bot@Standing Idle.fbx
  artifactKey: Guid(346d54e1f1eb1ad40ab0067292fe1acf) Importer(815301076,1909f56bfc062723c751e8b465ee728b)
Start importing Assets/Animation/X Bot@Standing Idle.fbx using Guid(346d54e1f1eb1ad40ab0067292fe1acf) Importer(815301076,1909f56bfc062723c751e8b465ee728b)  -> (artifact id: '19830db6f2ad3e30e6185bf16f421b59') in 0.164575 seconds 
========================================================================
Received Import Request.
  Time since last request: 0.000416 seconds.
  path: Assets/Animation/X Bot@Happy Idle.fbx
  artifactKey: Guid(5a85b1d63f1247e4abce146ac720c272) Importer(815301076,1909f56bfc062723c751e8b465ee728b)
Start importing Assets/Animation/X Bot@Happy Idle.fbx using Guid(5a85b1d63f1247e4abce146ac720c272) Importer(815301076,1909f56bfc062723c751e8b465ee728b)  -> (artifact id: '0f47142834a3363ce81a6b93fc30c45c') in 0.163431 seconds 
========================================================================
Received Import Request.
  Time since last request: 0.000360 seconds.
  path: Assets/Animation/X Bot@Petting Animal.fbx
  artifactKey: Guid(89b5a09f4fb5f944e851903795f72dff) Importer(815301076,1909f56bfc062723c751e8b465ee728b)
Start importing Assets/Animation/X Bot@Petting Animal.fbx using Guid(89b5a09f4fb5f944e851903795f72dff) Importer(815301076,1909f56bfc062723c751e8b465ee728b)  -> (artifact id: 'a832a230a4976089cb0068e2e69c50ef') in 0.140583 seconds 
========================================================================
Received Import Request.
  Time since last request: 0.000418 seconds.
  path: Assets/Model/UnityIntroductionTestModel.prefab
  artifactKey: Guid(16b9782eb18c9cb4d85a180213fdbd5e) Importer(815301076,1909f56bfc062723c751e8b465ee728b)
Start importing Assets/Model/UnityIntroductionTestModel.prefab using Guid(16b9782eb18c9cb4d85a180213fdbd5e) Importer(815301076,1909f56bfc062723c751e8b465ee728b)  -> (artifact id: '657d5d211f7b217d4aeda59dd7932e3e') in 2.172817 seconds 
========================================================================
Received Import Request.
  Time since last request: 0.000402 seconds.
  path: Assets/Animation/X Bot@Thriller Part 3.fbx
  artifactKey: Guid(1a2a5cda40ae5364a90d0c53a0fd4d8f) Importer(815301076,1909f56bfc062723c751e8b465ee728b)
Start importing Assets/Animation/X Bot@Thriller Part 3.fbx using Guid(1a2a5cda40ae5364a90d0c53a0fd4d8f) Importer(815301076,1909f56bfc062723c751e8b465ee728b)  -> (artifact id: 'a84c5ebb6a6bed89bb0b8f93b5744717') in 0.200175 seconds 
========================================================================
Received Import Request.
  Time since last request: 0.000252 seconds.
  path: Assets/Scenes/MainScene.unity
  artifactKey: Guid(9fc0d4010bbf28b4594072e72b8655ab) Importer(815301076,1909f56bfc062723c751e8b465ee728b)
Start importing Assets/Scenes/MainScene.unity using Guid(9fc0d4010bbf28b4594072e72b8655ab) Importer(815301076,1909f56bfc062723c751e8b465ee728b)  -> (artifact id: '7458db40cca024fe618fdc16afaae42e') in 0.012623 seconds 
========================================================================
Received Import Request.
  Time since last request: 0.000429 seconds.
  path: Assets/Animation/X Bot@Gangnam Style.fbx
  artifactKey: Guid(a1e65779f89d0ee41ad0349181899202) Importer(815301076,1909f56bfc062723c751e8b465ee728b)
Start importing Assets/Animation/X Bot@Gangnam Style.fbx using Guid(a1e65779f89d0ee41ad0349181899202) Importer(815301076,1909f56bfc062723c751e8b465ee728b)  -> (artifact id: 'b140f017101483eeed963a77f977bb2b') in 0.149499 seconds 
========================================================================
Received Import Request.
  Time since last request: 3.196417 seconds.
  path: Assets/Model/UnityIntroductionTestModel.Avatar/VrmAvatar.asset
  artifactKey: Guid(7740536247031dc4c9428456ea0cc9e9) Importer(815301076,1909f56bfc062723c751e8b465ee728b)
Start importing Assets/Model/UnityIntroductionTestModel.Avatar/VrmAvatar.asset using Guid(7740536247031dc4c9428456ea0cc9e9) Importer(815301076,1909f56bfc062723c751e8b465ee728b)  -> (artifact id: '4b43c8c1c6e2c5a46a6f5a8117b0116b') in 0.032603 seconds 
========================================================================
Received Import Request.
  Time since last request: 0.000619 seconds.
  path: Assets/Prefab/MainModel/UnityIntroductionTestModel.Avatar/VrmAvatar.asset
  artifactKey: Guid(c0a4934b4cde26b48b60e9bf29b578cf) Importer(815301076,1909f56bfc062723c751e8b465ee728b)
Start importing Assets/Prefab/MainModel/UnityIntroductionTestModel.Avatar/VrmAvatar.asset using Guid(c0a4934b4cde26b48b60e9bf29b578cf) Importer(815301076,1909f56bfc062723c751e8b465ee728b)  -> (artifact id: 'a28a2666b1b2ce1e1e7a0a9d6c7a2d35') in 0.015255 seconds 
========================================================================
Received Import Request.
  Time since last request: 0.000874 seconds.
  path: Assets/Prefab/clothes/UntITM1.Avatar/VrmAvatar.asset
  artifactKey: Guid(0937044ad805d734fbcb9538e6df2e01) Importer(815301076,1909f56bfc062723c751e8b465ee728b)
Start importing Assets/Prefab/clothes/UntITM1.Avatar/VrmAvatar.asset using Guid(0937044ad805d734fbcb9538e6df2e01) Importer(815301076,1909f56bfc062723c751e8b465ee728b)  -> (artifact id: 'a683461e22f9d41b9ed20e48711fce2d') in 0.020754 seconds 
========================================================================
Received Prepare
Refreshing native plugins compatible for Editor in 37.38 ms, found 5 plugins.
Preloading 0 native plugins for Editor in 0.00 ms.
Unloading 16 Unused Serialized files (Serialized files now loaded: 0)
System memory in use before: 63.6 MB.
System memory in use after: 63.8 MB.

Unloading 16 unused Assets to reduce memory usage. Loaded Objects now: 2737.
Total: 7.699300 ms (FindLiveObjects: 0.350800 ms CreateObjectMapping: 0.187700 ms MarkObjects: 7.118700 ms  DeleteObjects: 0.039700 ms)

AssetImportParameters requested are different than current active one (requested -> active):
  custom:framework-win-MediaFoundation: 216162199b28c13a410421893ffa2e32 -> 
  custom:video-decoder-ogg-theora: a1e56fd34408186e4bbccfd4996cb3dc -> 
  custom:container-muxer-webm: aa71ff27fc2769a1b78a27578f13a17b -> 
  custom:container-demuxer-webm: 4f35f7cbe854078d1ac9338744f61a02 -> 
  custom:container-demuxer-ogg: 62fdf1f143b41e24485cea50d1cbac27 -> 
  custom:video-encoder-webm-vp8: eb34c28f22e8b96e1ab97ce403110664 -> 
  custom:video-decoder-webm-vp8: 9c59270c3fd7afecdb556c50c9e8de78 -> 
  custom:audio-decoder-ogg-vorbis: bf7c407c2cedff20999df2af8eb42d56 -> 
  custom:audio-encoder-webm-vorbis: bf7c407c2cedff20999df2af8eb42d56 -> 
========================================================================
Received Import Request.
  Time since last request: 10.311320 seconds.
  path: Assets/Animation/X Bot@Gangnam Style.fbx
  artifactKey: Guid(a1e65779f89d0ee41ad0349181899202) Importer(815301076,1909f56bfc062723c751e8b465ee728b)
Start importing Assets/Animation/X Bot@Gangnam Style.fbx using Guid(a1e65779f89d0ee41ad0349181899202) Importer(815301076,1909f56bfc062723c751e8b465ee728b)  -> (artifact id: '348ffb86364a828b7071bea4f1dc1b37') in 0.221640 seconds 
========================================================================
Received Import Request.
  Time since last request: 49.235616 seconds.
  path: Assets/Scenes/Char_Info.unity
  artifactKey: Guid(a8cb6a0ea0acf0e4399570a0194b57a1) Importer(815301076,1909f56bfc062723c751e8b465ee728b)
Start importing Assets/Scenes/Char_Info.unity using Guid(a8cb6a0ea0acf0e4399570a0194b57a1) Importer(815301076,1909f56bfc062723c751e8b465ee728b)  -> (artifact id: 'b9bce78643e045dadd88b4cebf3a17e8') in 0.016513 seconds 
========================================================================
Received Import Request.
  Time since last request: 76.832416 seconds.
  path: Assets/Animation/AnimController.controller
  artifactKey: Guid(abf46e1085fc051418dec9432c013995) Importer(815301076,1909f56bfc062723c751e8b465ee728b)
Start importing Assets/Animation/AnimController.controller using Guid(abf46e1085fc051418dec9432c013995) Importer(815301076,1909f56bfc062723c751e8b465ee728b)  -> (artifact id: '1c94d681cbbc5a6ef9bdff2956b79226') in 0.039243 seconds 
========================================================================
Received Import Request.
  Time since last request: 124.209605 seconds.
  path: Assets/Tracking/UniGLTF/Editor/UniGLTF/Gizmo/Models/Bone.fbx
  artifactKey: Guid(61a60de4cfa7b124184947ca4a57ca53) Importer(815301076,1909f56bfc062723c751e8b465ee728b)
Start importing Assets/Tracking/UniGLTF/Editor/UniGLTF/Gizmo/Models/Bone.fbx using Guid(61a60de4cfa7b124184947ca4a57ca53) Importer(815301076,1909f56bfc062723c751e8b465ee728b)  -> (artifact id: '701b7a75f0665434a985a25a23f7636b') in 0.157806 seconds 
========================================================================
Received Import Request.
  Time since last request: 0.000409 seconds.
  path: Assets/Tracking/UniGLTF/Runtime/Scenes/LookDev/floor.prefab
  artifactKey: Guid(0f22a070f374b084abffc8a4d66f9cea) Importer(815301076,1909f56bfc062723c751e8b465ee728b)
Start importing Assets/Tracking/UniGLTF/Runtime/Scenes/LookDev/floor.prefab using Guid(0f22a070f374b084abffc8a4d66f9cea) Importer(815301076,1909f56bfc062723c751e8b465ee728b)  -> (artifact id: '4e6f5ca5bfb25af8ccb475c74e9aceb6') in 0.033898 seconds 
========================================================================
Received Import Request.
  Time since last request: 0.000428 seconds.
  path: Assets/Tracking/UniGLTF/Editor/UniGLTF/Gizmo/Models/BoneGizmo.prefab
  artifactKey: Guid(d0902f1221c08a84687a43326e75bf7e) Importer(815301076,1909f56bfc062723c751e8b465ee728b)
Start importing Assets/Tracking/UniGLTF/Editor/UniGLTF/Gizmo/Models/BoneGizmo.prefab using Guid(d0902f1221c08a84687a43326e75bf7e) Importer(815301076,1909f56bfc062723c751e8b465ee728b)  -> (artifact id: '43dee724935fe0d2fc05b050d4bfbf62') in 0.031815 seconds 
========================================================================
Received Import Request.
  Time since last request: 0.000477 seconds.
  path: Assets/Prefab/MainModel/UnityIntroductionTestModel.prefab
  artifactKey: Guid(273f3a415e8ce364f9f2060d629f4b92) Importer(815301076,1909f56bfc062723c751e8b465ee728b)
Start importing Assets/Prefab/MainModel/UnityIntroductionTestModel.prefab using Guid(273f3a415e8ce364f9f2060d629f4b92) Importer(815301076,1909f56bfc062723c751e8b465ee728b)  -> (artifact id: '3cc3fc8e36ac0835ad038510e700ae12') in 0.576358 seconds 
========================================================================
Received Import Request.
  Time since last request: 0.000486 seconds.
  path: Assets/Tracking/EVMC4U/ExternalReceiver.prefab
  artifactKey: Guid(86b1e8192cb57cd47890882526664df1) Importer(815301076,1909f56bfc062723c751e8b465ee728b)
Start importing Assets/Tracking/EVMC4U/ExternalReceiver.prefab using Guid(86b1e8192cb57cd47890882526664df1) Importer(815301076,1909f56bfc062723c751e8b465ee728b)  -> (artifact id: '4c840f1dd8f733d556cbccf9ea4341bb') in 0.086223 seconds 
========================================================================
Received Import Request.
  Time since last request: 0.000730 seconds.
  path: Assets/Tracking/UniGLTF/Editor/UniGLTF/Gizmo/Models/SelectedBoneGizmo.prefab
  artifactKey: Guid(65aed222118a19e46a4d35c654cd818e) Importer(815301076,1909f56bfc062723c751e8b465ee728b)
Start importing Assets/Tracking/UniGLTF/Editor/UniGLTF/Gizmo/Models/SelectedBoneGizmo.prefab using Guid(65aed222118a19e46a4d35c654cd818e) Importer(815301076,1909f56bfc062723c751e8b465ee728b)  -> (artifact id: '4995d879608a9658a449bcc171a37743') in 0.055182 seconds 
========================================================================
Received Import Request.
  Time since last request: 0.000586 seconds.
  path: Assets/Tracking/UniGLTF/Editor/UniGLTF/Gizmo/Models/HoverBoneGizmo.prefab
  artifactKey: Guid(fbf7ad78b397b0749bb8132dfbc87f44) Importer(815301076,1909f56bfc062723c751e8b465ee728b)
Start importing Assets/Tracking/UniGLTF/Editor/UniGLTF/Gizmo/Models/HoverBoneGizmo.prefab using Guid(fbf7ad78b397b0749bb8132dfbc87f44) Importer(815301076,1909f56bfc062723c751e8b465ee728b)  -> (artifact id: '9f242f2d8c33c59fa9a734dcb972fc25') in 0.052251 seconds 
========================================================================
Received Import Request.
  Time since last request: 0.000418 seconds.
  path: Assets/Prefab/clothes/UntITM1.prefab
  artifactKey: Guid(25e46d2ac47e86948b600f8570a7b84b) Importer(815301076,1909f56bfc062723c751e8b465ee728b)
Start importing Assets/Prefab/clothes/UntITM1.prefab using Guid(25e46d2ac47e86948b600f8570a7b84b) Importer(815301076,1909f56bfc062723c751e8b465ee728b)  -> (artifact id: 'ae82df53d0d3c2ae3fad08eb59acf369') in 0.541424 seconds 
========================================================================
Received Prepare
Registering precompiled user dll's ...
Registered in 0.013031 seconds.
Begin MonoManager ReloadAssembly
Symbol file LoadedFromMemory doesn't match image C:\Users\hdstp\Documents\GitHub\UnityIntroductionProject\UnityIntroductionProject\Library\PackageCache\com.unity.collab-proxy@1.15.15\Lib\Editor\PlasticSCM\unityplastic.dll
Native extension for WindowsStandalone target not found
Refreshing native plugins compatible for Editor in 1.27 ms, found 5 plugins.
Preloading 0 native plugins for Editor in 0.00 ms.
Mono: successfully reloaded assembly
- Completed reload, in  2.062 seconds
Domain Reload Profiling:
	ReloadAssembly (2063ms)
		BeginReloadAssembly (279ms)
			ExecutionOrderSort (0ms)
			DisableScriptedObjects (8ms)
			BackupInstance (0ms)
			ReleaseScriptingObjects (0ms)
			CreateAndSetChildDomain (56ms)
		EndReloadAssembly (1633ms)
			LoadAssemblies (294ms)
			RebuildTransferFunctionScriptingTraits (0ms)
			SetupTypeCache (536ms)
			ReleaseScriptCaches (1ms)
			RebuildScriptCaches (77ms)
			SetupLoadedEditorAssemblies (594ms)
				LogAssemblyErrors (0ms)
				InitializePlatformSupportModulesInManaged (12ms)
				SetLoadedEditorAssemblies (1ms)
				RefreshPlugins (2ms)
				BeforeProcessingInitializeOnLoad (202ms)
				ProcessInitializeOnLoadAttributes (336ms)
				ProcessInitializeOnLoadMethodAttributes (19ms)
				AfterProcessingInitializeOnLoad (21ms)
				EditorAssembliesLoaded (0ms)
			ExecutionOrderSort2 (0ms)
			AwakeInstancesAfterBackupRestoration (13ms)
Platform modules already initialized, skipping
Refreshing native plugins compatible for Editor in 1.30 ms, found 5 plugins.
Preloading 0 native plugins for Editor in 0.00 ms.
Unloading 2242 Unused Serialized files (Serialized files now loaded: 0)
System memory in use before: 108.4 MB.
System memory in use after: 108.6 MB.

Unloading 18 unused Assets to reduce memory usage. Loaded Objects now: 2741.
Total: 6.803900 ms (FindLiveObjects: 0.343900 ms CreateObjectMapping: 0.201200 ms MarkObjects: 6.208300 ms  DeleteObjects: 0.048100 ms)

AssetImportParameters requested are different than current active one (requested -> active):
  custom:framework-win-MediaFoundation: 216162199b28c13a410421893ffa2e32 -> 
  custom:video-decoder-ogg-theora: a1e56fd34408186e4bbccfd4996cb3dc -> 
  custom:container-muxer-webm: aa71ff27fc2769a1b78a27578f13a17b -> 
  custom:container-demuxer-webm: 4f35f7cbe854078d1ac9338744f61a02 -> 
  custom:container-demuxer-ogg: 62fdf1f143b41e24485cea50d1cbac27 -> 
  custom:video-encoder-webm-vp8: eb34c28f22e8b96e1ab97ce403110664 -> 
  custom:video-decoder-webm-vp8: 9c59270c3fd7afecdb556c50c9e8de78 -> 
  custom:audio-decoder-ogg-vorbis: bf7c407c2cedff20999df2af8eb42d56 -> 
  custom:audio-encoder-webm-vorbis: bf7c407c2cedff20999df2af8eb42d56 -> 
========================================================================
Received Prepare
Registering precompiled user dll's ...
Registered in 0.017590 seconds.
Begin MonoManager ReloadAssembly
Symbol file LoadedFromMemory doesn't match image C:\Users\hdstp\Documents\GitHub\UnityIntroductionProject\UnityIntroductionProject\Library\PackageCache\com.unity.collab-proxy@1.15.15\Lib\Editor\PlasticSCM\unityplastic.dll
Native extension for WindowsStandalone target not found
Refreshing native plugins compatible for Editor in 0.79 ms, found 5 plugins.
Preloading 0 native plugins for Editor in 0.00 ms.
Mono: successfully reloaded assembly
- Completed reload, in  2.233 seconds
Domain Reload Profiling:
	ReloadAssembly (2234ms)
		BeginReloadAssembly (252ms)
			ExecutionOrderSort (0ms)
			DisableScriptedObjects (13ms)
			BackupInstance (0ms)
			ReleaseScriptingObjects (0ms)
			CreateAndSetChildDomain (55ms)
		EndReloadAssembly (1862ms)
			LoadAssemblies (290ms)
			RebuildTransferFunctionScriptingTraits (0ms)
			SetupTypeCache (557ms)
			ReleaseScriptCaches (2ms)
			RebuildScriptCaches (82ms)
			SetupLoadedEditorAssemblies (775ms)
				LogAssemblyErrors (0ms)
				InitializePlatformSupportModulesInManaged (8ms)
				SetLoadedEditorAssemblies (1ms)
				RefreshPlugins (1ms)
				BeforeProcessingInitializeOnLoad (218ms)
				ProcessInitializeOnLoadAttributes (495ms)
				ProcessInitializeOnLoadMethodAttributes (23ms)
				AfterProcessingInitializeOnLoad (28ms)
				EditorAssembliesLoaded (1ms)
			ExecutionOrderSort2 (0ms)
			AwakeInstancesAfterBackupRestoration (13ms)
Platform modules already initialized, skipping
Refreshing native plugins compatible for Editor in 1.64 ms, found 5 plugins.
Preloading 0 native plugins for Editor in 0.00 ms.
Unloading 2242 Unused Serialized files (Serialized files now loaded: 0)
System memory in use before: 108.4 MB.
System memory in use after: 108.6 MB.

Unloading 18 unused Assets to reduce memory usage. Loaded Objects now: 2744.
Total: 9.589500 ms (FindLiveObjects: 0.349500 ms CreateObjectMapping: 0.158600 ms MarkObjects: 9.033800 ms  DeleteObjects: 0.044700 ms)

AssetImportParameters requested are different than current active one (requested -> active):
  custom:framework-win-MediaFoundation: 216162199b28c13a410421893ffa2e32 -> 
  custom:video-decoder-ogg-theora: a1e56fd34408186e4bbccfd4996cb3dc -> 
  custom:container-muxer-webm: aa71ff27fc2769a1b78a27578f13a17b -> 
  custom:container-demuxer-webm: 4f35f7cbe854078d1ac9338744f61a02 -> 
  custom:container-demuxer-ogg: 62fdf1f143b41e24485cea50d1cbac27 -> 
  custom:video-encoder-webm-vp8: eb34c28f22e8b96e1ab97ce403110664 -> 
  custom:video-decoder-webm-vp8: 9c59270c3fd7afecdb556c50c9e8de78 -> 
  custom:audio-decoder-ogg-vorbis: bf7c407c2cedff20999df2af8eb42d56 -> 
  custom:audio-encoder-webm-vorbis: bf7c407c2cedff20999df2af8eb42d56 -> 
========================================================================
Received Import Request.
  Time since last request: 168.925840 seconds.
  path: Assets/Animation/X Bot@Gangnam Style.fbx
  artifactKey: Guid(a1e65779f89d0ee41ad0349181899202) Importer(815301076,1909f56bfc062723c751e8b465ee728b)
Start importing Assets/Animation/X Bot@Gangnam Style.fbx using Guid(a1e65779f89d0ee41ad0349181899202) Importer(815301076,1909f56bfc062723c751e8b465ee728b)  -> (artifact id: 'a7d12b3201758b3320449e4332ed76e9') in 0.258697 seconds 
========================================================================
Received Import Request.
  Time since last request: 11.777401 seconds.
  path: Assets/Animation/X Bot@Sitting Clap.fbx
  artifactKey: Guid(d1c40611b29c5344a9dd5a6dc3247357) Importer(815301076,1909f56bfc062723c751e8b465ee728b)
Start importing Assets/Animation/X Bot@Sitting Clap.fbx using Guid(d1c40611b29c5344a9dd5a6dc3247357) Importer(815301076,1909f56bfc062723c751e8b465ee728b)  -> (artifact id: 'cdc1fa42ed94a5c7950df764c7ca9097') in 0.136950 seconds 
========================================================================
Received Import Request.
  Time since last request: 14.849067 seconds.
  path: Assets/Animation/X Bot@Sitting Clap.fbx
  artifactKey: Guid(d1c40611b29c5344a9dd5a6dc3247357) Importer(815301076,1909f56bfc062723c751e8b465ee728b)
Start importing Assets/Animation/X Bot@Sitting Clap.fbx using Guid(d1c40611b29c5344a9dd5a6dc3247357) Importer(815301076,1909f56bfc062723c751e8b465ee728b)  -> (artifact id: 'c19fd9dae59c8d76af3290b243422ab2') in 0.141296 seconds 
========================================================================
Received Import Request.
  Time since last request: 6.233902 seconds.
  path: Assets/Animation/X Bot@Sitting Clap.fbx
  artifactKey: Guid(d1c40611b29c5344a9dd5a6dc3247357) Importer(815301076,1909f56bfc062723c751e8b465ee728b)
Start importing Assets/Animation/X Bot@Sitting Clap.fbx using Guid(d1c40611b29c5344a9dd5a6dc3247357) Importer(815301076,1909f56bfc062723c751e8b465ee728b)  -> (artifact id: 'bdedeb126214b4b0319e6a6a723cdb3a') in 0.128360 seconds 
========================================================================
Received Prepare
Registering precompiled user dll's ...
Registered in 0.014592 seconds.
Begin MonoManager ReloadAssembly
Symbol file LoadedFromMemory doesn't match image C:\Users\hdstp\Documents\GitHub\UnityIntroductionProject\UnityIntroductionProject\Library\PackageCache\com.unity.collab-proxy@1.15.15\Lib\Editor\PlasticSCM\unityplastic.dll
Native extension for WindowsStandalone target not found
Refreshing native plugins compatible for Editor in 0.93 ms, found 5 plugins.
Preloading 0 native plugins for Editor in 0.00 ms.
Mono: successfully reloaded assembly
- Completed reload, in  2.314 seconds
Domain Reload Profiling:
	ReloadAssembly (2315ms)
		BeginReloadAssembly (325ms)
			ExecutionOrderSort (0ms)
			DisableScriptedObjects (11ms)
			BackupInstance (0ms)
			ReleaseScriptingObjects (0ms)
			CreateAndSetChildDomain (79ms)
		EndReloadAssembly (1824ms)
			LoadAssemblies (344ms)
			RebuildTransferFunctionScriptingTraits (0ms)
			SetupTypeCache (622ms)
			ReleaseScriptCaches (2ms)
			RebuildScriptCaches (83ms)
			SetupLoadedEditorAssemblies (653ms)
				LogAssemblyErrors (0ms)
				InitializePlatformSupportModulesInManaged (12ms)
				SetLoadedEditorAssemblies (1ms)
				RefreshPlugins (1ms)
				BeforeProcessingInitializeOnLoad (212ms)
				ProcessInitializeOnLoadAttributes (381ms)
				ProcessInitializeOnLoadMethodAttributes (23ms)
				AfterProcessingInitializeOnLoad (22ms)
				EditorAssembliesLoaded (1ms)
			ExecutionOrderSort2 (0ms)
			AwakeInstancesAfterBackupRestoration (14ms)
Platform modules already initialized, skipping
Refreshing native plugins compatible for Editor in 1.33 ms, found 5 plugins.
Preloading 0 native plugins for Editor in 0.00 ms.
Unloading 2242 Unused Serialized files (Serialized files now loaded: 0)
System memory in use before: 108.5 MB.
System memory in use after: 108.7 MB.

Unloading 18 unused Assets to reduce memory usage. Loaded Objects now: 2748.
Total: 7.103600 ms (FindLiveObjects: 0.363600 ms CreateObjectMapping: 0.215000 ms MarkObjects: 6.474000 ms  DeleteObjects: 0.048200 ms)

AssetImportParameters requested are different than current active one (requested -> active):
  custom:framework-win-MediaFoundation: 216162199b28c13a410421893ffa2e32 -> 
  custom:video-decoder-ogg-theora: a1e56fd34408186e4bbccfd4996cb3dc -> 
  custom:container-muxer-webm: aa71ff27fc2769a1b78a27578f13a17b -> 
  custom:container-demuxer-webm: 4f35f7cbe854078d1ac9338744f61a02 -> 
  custom:container-demuxer-ogg: 62fdf1f143b41e24485cea50d1cbac27 -> 
  custom:video-encoder-webm-vp8: eb34c28f22e8b96e1ab97ce403110664 -> 
  custom:video-decoder-webm-vp8: 9c59270c3fd7afecdb556c50c9e8de78 -> 
  custom:audio-decoder-ogg-vorbis: bf7c407c2cedff20999df2af8eb42d56 -> 
  custom:audio-encoder-webm-vorbis: bf7c407c2cedff20999df2af8eb42d56 -> 
========================================================================
Received Prepare
Registering precompiled user dll's ...
Registered in 0.047480 seconds.
Begin MonoManager ReloadAssembly
Symbol file LoadedFromMemory doesn't match image C:\Users\hdstp\Documents\GitHub\UnityIntroductionProject\UnityIntroductionProject\Library\PackageCache\com.unity.collab-proxy@1.15.15\Lib\Editor\PlasticSCM\unityplastic.dll
Native extension for WindowsStandalone target not found
Refreshing native plugins compatible for Editor in 1.87 ms, found 5 plugins.
Preloading 0 native plugins for Editor in 0.00 ms.
Mono: successfully reloaded assembly
- Completed reload, in  5.868 seconds
Domain Reload Profiling:
	ReloadAssembly (5869ms)
		BeginReloadAssembly (610ms)
			ExecutionOrderSort (0ms)
			DisableScriptedObjects (23ms)
			BackupInstance (0ms)
			ReleaseScriptingObjects (0ms)
			CreateAndSetChildDomain (102ms)
		EndReloadAssembly (4753ms)
			LoadAssemblies (942ms)
			RebuildTransferFunctionScriptingTraits (0ms)
			SetupTypeCache (1411ms)
			ReleaseScriptCaches (5ms)
			RebuildScriptCaches (195ms)
			SetupLoadedEditorAssemblies (1703ms)
				LogAssemblyErrors (0ms)
				InitializePlatformSupportModulesInManaged (19ms)
				SetLoadedEditorAssemblies (2ms)
				RefreshPlugins (2ms)
				BeforeProcessingInitializeOnLoad (551ms)
				ProcessInitializeOnLoadAttributes (966ms)
				ProcessInitializeOnLoadMethodAttributes (47ms)
				AfterProcessingInitializeOnLoad (115ms)
				EditorAssembliesLoaded (1ms)
			ExecutionOrderSort2 (0ms)
			AwakeInstancesAfterBackupRestoration (54ms)
Platform modules already initialized, skipping
Refreshing native plugins compatible for Editor in 2.90 ms, found 5 plugins.
Preloading 0 native plugins for Editor in 0.00 ms.
Unloading 2242 Unused Serialized files (Serialized files now loaded: 0)
System memory in use before: 108.5 MB.
System memory in use after: 108.7 MB.

Unloading 18 unused Assets to reduce memory usage. Loaded Objects now: 2751.
Total: 15.680400 ms (FindLiveObjects: 0.611400 ms CreateObjectMapping: 0.413400 ms MarkObjects: 14.591400 ms  DeleteObjects: 0.060700 ms)

AssetImportParameters requested are different than current active one (requested -> active):
  custom:framework-win-MediaFoundation: 216162199b28c13a410421893ffa2e32 -> 
  custom:video-decoder-ogg-theora: a1e56fd34408186e4bbccfd4996cb3dc -> 
  custom:container-muxer-webm: aa71ff27fc2769a1b78a27578f13a17b -> 
  custom:container-demuxer-webm: 4f35f7cbe854078d1ac9338744f61a02 -> 
  custom:container-demuxer-ogg: 62fdf1f143b41e24485cea50d1cbac27 -> 
  custom:video-encoder-webm-vp8: eb34c28f22e8b96e1ab97ce403110664 -> 
  custom:video-decoder-webm-vp8: 9c59270c3fd7afecdb556c50c9e8de78 -> 
  custom:audio-decoder-ogg-vorbis: bf7c407c2cedff20999df2af8eb42d56 -> 
  custom:audio-encoder-webm-vorbis: bf7c407c2cedff20999df2af8eb42d56 -> 
========================================================================
Received Import Request.
  Time since last request: 206.444145 seconds.
  path: Assets/MP4Videos/video_1.mp4
  artifactKey: Guid(7be7289bd09bd994cb5acf348d318dff) Importer(815301076,1909f56bfc062723c751e8b465ee728b)
Start importing Assets/MP4Videos/video_1.mp4 using Guid(7be7289bd09bd994cb5acf348d318dff) Importer(815301076,1909f56bfc062723c751e8b465ee728b)  -> (artifact id: 'b81f7609e9c0f7cf00ac7642caa3375f') in 0.313289 seconds 
========================================================================
Received Import Request.
  Time since last request: 0.001265 seconds.
  path: Assets/MP4Videos/vid_1.mp4
  artifactKey: Guid(a4a0990fdafeb334297931f34bd20f06) Importer(815301076,1909f56bfc062723c751e8b465ee728b)
Start importing Assets/MP4Videos/vid_1.mp4 using Guid(a4a0990fdafeb334297931f34bd20f06) Importer(815301076,1909f56bfc062723c751e8b465ee728b)  -> (artifact id: '0d9d9a89bd896cff4293bba2d2d485a9') in 0.031817 seconds 
========================================================================
Received Import Request.
  Time since last request: 380.797531 seconds.
  path: Assets/Script/WebCam.cs
  artifactKey: Guid(96c7aa2a011508a4b89ae80d332ee4de) Importer(815301076,1909f56bfc062723c751e8b465ee728b)
Start importing Assets/Script/WebCam.cs using Guid(96c7aa2a011508a4b89ae80d332ee4de) Importer(815301076,1909f56bfc062723c751e8b465ee728b)  -> (artifact id: '914b0e5daed21220c0bdc9d305892b7f') in 0.052307 seconds 
========================================================================
Received Import Request.
  Time since last request: 1.584840 seconds.
  path: Assets/Script/RecordVideo.cs
  artifactKey: Guid(1ffb100e39fa74848997fb7065bfd132) Importer(815301076,1909f56bfc062723c751e8b465ee728b)
Start importing Assets/Script/RecordVideo.cs using Guid(1ffb100e39fa74848997fb7065bfd132) Importer(815301076,1909f56bfc062723c751e8b465ee728b)  -> (artifact id: '60d087358fcdb2972165b6c2afce91c6') in 0.015945 seconds 
========================================================================
Received Prepare
Registering precompiled user dll's ...
Registered in 0.015715 seconds.
Begin MonoManager ReloadAssembly
Symbol file LoadedFromMemory doesn't match image C:\Users\hdstp\Documents\GitHub\UnityIntroductionProject\UnityIntroductionProject\Library\PackageCache\com.unity.collab-proxy@1.15.15\Lib\Editor\PlasticSCM\unityplastic.dll
Native extension for WindowsStandalone target not found
Refreshing native plugins compatible for Editor in 0.78 ms, found 5 plugins.
Preloading 0 native plugins for Editor in 0.00 ms.
Mono: successfully reloaded assembly
- Completed reload, in  2.433 seconds
Domain Reload Profiling:
	ReloadAssembly (2436ms)
		BeginReloadAssembly (539ms)
			ExecutionOrderSort (0ms)
			DisableScriptedObjects (15ms)
			BackupInstance (0ms)
			ReleaseScriptingObjects (0ms)
			CreateAndSetChildDomain (132ms)
		EndReloadAssembly (1749ms)
			LoadAssemblies (493ms)
			RebuildTransferFunctionScriptingTraits (0ms)
			SetupTypeCache (581ms)
			ReleaseScriptCaches (1ms)
			RebuildScriptCaches (78ms)
			SetupLoadedEditorAssemblies (619ms)
				LogAssemblyErrors (0ms)
				InitializePlatformSupportModulesInManaged (9ms)
				SetLoadedEditorAssemblies (1ms)
				RefreshPlugins (1ms)
				BeforeProcessingInitializeOnLoad (209ms)
				ProcessInitializeOnLoadAttributes (352ms)
				ProcessInitializeOnLoadMethodAttributes (18ms)
				AfterProcessingInitializeOnLoad (27ms)
				EditorAssembliesLoaded (1ms)
			ExecutionOrderSort2 (0ms)
			AwakeInstancesAfterBackupRestoration (11ms)
Platform modules already initialized, skipping
Refreshing native plugins compatible for Editor in 1.67 ms, found 5 plugins.
Preloading 0 native plugins for Editor in 0.00 ms.
Unloading 2242 Unused Serialized files (Serialized files now loaded: 0)
System memory in use before: 108.4 MB.
System memory in use after: 108.6 MB.

Unloading 18 unused Assets to reduce memory usage. Loaded Objects now: 2754.
Total: 5.805700 ms (FindLiveObjects: 0.668800 ms CreateObjectMapping: 0.416700 ms MarkObjects: 4.671400 ms  DeleteObjects: 0.046400 ms)

AssetImportParameters requested are different than current active one (requested -> active):
  custom:framework-win-MediaFoundation: 216162199b28c13a410421893ffa2e32 -> 
  custom:video-decoder-ogg-theora: a1e56fd34408186e4bbccfd4996cb3dc -> 
  custom:container-muxer-webm: aa71ff27fc2769a1b78a27578f13a17b -> 
  custom:container-demuxer-webm: 4f35f7cbe854078d1ac9338744f61a02 -> 
  custom:container-demuxer-ogg: 62fdf1f143b41e24485cea50d1cbac27 -> 
  custom:video-encoder-webm-vp8: eb34c28f22e8b96e1ab97ce403110664 -> 
  custom:video-decoder-webm-vp8: 9c59270c3fd7afecdb556c50c9e8de78 -> 
  custom:audio-decoder-ogg-vorbis: bf7c407c2cedff20999df2af8eb42d56 -> 
  custom:audio-encoder-webm-vorbis: bf7c407c2cedff20999df2af8eb42d56 -> 
========================================================================
Received Import Request.
  Time since last request: 246.078617 seconds.
  path: Assets/Script/RecordVideo.cs
  artifactKey: Guid(1ffb100e39fa74848997fb7065bfd132) Importer(815301076,1909f56bfc062723c751e8b465ee728b)
Start importing Assets/Script/RecordVideo.cs using Guid(1ffb100e39fa74848997fb7065bfd132) Importer(815301076,1909f56bfc062723c751e8b465ee728b)  -> (artifact id: '624db1dabfce86caadaa10a7137b27e0') in 0.017140 seconds 
========================================================================
Received Prepare
Registering precompiled user dll's ...
Registered in 0.116930 seconds.
Begin MonoManager ReloadAssembly
Symbol file LoadedFromMemory doesn't match image C:\Users\hdstp\Documents\GitHub\UnityIntroductionProject\UnityIntroductionProject\Library\PackageCache\com.unity.collab-proxy@1.15.15\Lib\Editor\PlasticSCM\unityplastic.dll
Native extension for WindowsStandalone target not found
Refreshing native plugins compatible for Editor in 1.32 ms, found 5 plugins.
Preloading 0 native plugins for Editor in 0.00 ms.
Mono: successfully reloaded assembly
- Completed reload, in  6.757 seconds
Domain Reload Profiling:
	ReloadAssembly (6759ms)
		BeginReloadAssembly (472ms)
			ExecutionOrderSort (0ms)
			DisableScriptedObjects (19ms)
			BackupInstance (0ms)
			ReleaseScriptingObjects (0ms)
			CreateAndSetChildDomain (114ms)
		EndReloadAssembly (5932ms)
			LoadAssemblies (1682ms)
			RebuildTransferFunctionScriptingTraits (0ms)
			SetupTypeCache (1518ms)
			ReleaseScriptCaches (2ms)
			RebuildScriptCaches (1129ms)
			SetupLoadedEditorAssemblies (1256ms)
				LogAssemblyErrors (0ms)
				InitializePlatformSupportModulesInManaged (16ms)
				SetLoadedEditorAssemblies (2ms)
				RefreshPlugins (2ms)
				BeforeProcessingInitializeOnLoad (377ms)
				ProcessInitializeOnLoadAttributes (776ms)
				ProcessInitializeOnLoadMethodAttributes (43ms)
				AfterProcessingInitializeOnLoad (39ms)
				EditorAssembliesLoaded (1ms)
			ExecutionOrderSort2 (0ms)
			AwakeInstancesAfterBackupRestoration (31ms)
Platform modules already initialized, skipping
Refreshing native plugins compatible for Editor in 1.22 ms, found 5 plugins.
Preloading 0 native plugins for Editor in 0.00 ms.
Unloading 2242 Unused Serialized files (Serialized files now loaded: 0)
System memory in use before: 108.5 MB.
System memory in use after: 108.7 MB.

Unloading 18 unused Assets to reduce memory usage. Loaded Objects now: 2757.
Total: 7.079100 ms (FindLiveObjects: 0.344200 ms CreateObjectMapping: 0.203000 ms MarkObjects: 6.494000 ms  DeleteObjects: 0.035500 ms)

AssetImportParameters requested are different than current active one (requested -> active):
  custom:framework-win-MediaFoundation: 216162199b28c13a410421893ffa2e32 -> 
  custom:video-decoder-ogg-theora: a1e56fd34408186e4bbccfd4996cb3dc -> 
  custom:container-muxer-webm: aa71ff27fc2769a1b78a27578f13a17b -> 
  custom:container-demuxer-webm: 4f35f7cbe854078d1ac9338744f61a02 -> 
  custom:container-demuxer-ogg: 62fdf1f143b41e24485cea50d1cbac27 -> 
  custom:video-encoder-webm-vp8: eb34c28f22e8b96e1ab97ce403110664 -> 
  custom:video-decoder-webm-vp8: 9c59270c3fd7afecdb556c50c9e8de78 -> 
  custom:audio-decoder-ogg-vorbis: bf7c407c2cedff20999df2af8eb42d56 -> 
  custom:audio-encoder-webm-vorbis: bf7c407c2cedff20999df2af8eb42d56 -> 
========================================================================
Received Import Request.
  Time since last request: 110.356710 seconds.
  path: Assets/Scenes/Char_Info.unity
  artifactKey: Guid(a8cb6a0ea0acf0e4399570a0194b57a1) Importer(815301076,1909f56bfc062723c751e8b465ee728b)
Start importing Assets/Scenes/Char_Info.unity using Guid(a8cb6a0ea0acf0e4399570a0194b57a1) Importer(815301076,1909f56bfc062723c751e8b465ee728b)  -> (artifact id: '24d098efb28252384540f01fecaa17fd') in 0.023925 seconds 
========================================================================
Received Prepare
Registering precompiled user dll's ...
Registered in 0.027087 seconds.
Begin MonoManager ReloadAssembly
Symbol file LoadedFromMemory doesn't match image C:\Users\hdstp\Documents\GitHub\UnityIntroductionProject\UnityIntroductionProject\Library\PackageCache\com.unity.collab-proxy@1.15.15\Lib\Editor\PlasticSCM\unityplastic.dll
Native extension for WindowsStandalone target not found
Refreshing native plugins compatible for Editor in 1.54 ms, found 5 plugins.
Preloading 0 native plugins for Editor in 0.00 ms.
Mono: successfully reloaded assembly
- Completed reload, in  3.810 seconds
Domain Reload Profiling:
	ReloadAssembly (3812ms)
		BeginReloadAssembly (652ms)
			ExecutionOrderSort (0ms)
			DisableScriptedObjects (25ms)
			BackupInstance (0ms)
			ReleaseScriptingObjects (0ms)
			CreateAndSetChildDomain (146ms)
		EndReloadAssembly (2909ms)
			LoadAssemblies (611ms)
			RebuildTransferFunctionScriptingTraits (0ms)
			SetupTypeCache (908ms)
			ReleaseScriptCaches (3ms)
			RebuildScriptCaches (171ms)
			SetupLoadedEditorAssemblies (1065ms)
				LogAssemblyErrors (0ms)
				InitializePlatformSupportModulesInManaged (15ms)
				SetLoadedEditorAssemblies (2ms)
				RefreshPlugins (2ms)
				BeforeProcessingInitializeOnLoad (323ms)
				ProcessInitializeOnLoadAttributes (635ms)
				ProcessInitializeOnLoadMethodAttributes (37ms)
				AfterProcessingInitializeOnLoad (50ms)
				EditorAssembliesLoaded (1ms)
			ExecutionOrderSort2 (0ms)
			AwakeInstancesAfterBackupRestoration (21ms)
Platform modules already initialized, skipping
Refreshing native plugins compatible for Editor in 1.76 ms, found 5 plugins.
Preloading 0 native plugins for Editor in 0.00 ms.
Unloading 2242 Unused Serialized files (Serialized files now loaded: 0)
System memory in use before: 108.5 MB.
System memory in use after: 108.7 MB.

Unloading 18 unused Assets to reduce memory usage. Loaded Objects now: 2760.
Total: 21.716900 ms (FindLiveObjects: 0.575000 ms CreateObjectMapping: 0.316600 ms MarkObjects: 20.704600 ms  DeleteObjects: 0.116000 ms)

AssetImportParameters requested are different than current active one (requested -> active):
  custom:framework-win-MediaFoundation: 216162199b28c13a410421893ffa2e32 -> 
  custom:video-decoder-ogg-theora: a1e56fd34408186e4bbccfd4996cb3dc -> 
  custom:container-muxer-webm: aa71ff27fc2769a1b78a27578f13a17b -> 
  custom:container-demuxer-webm: 4f35f7cbe854078d1ac9338744f61a02 -> 
  custom:container-demuxer-ogg: 62fdf1f143b41e24485cea50d1cbac27 -> 
  custom:video-encoder-webm-vp8: eb34c28f22e8b96e1ab97ce403110664 -> 
  custom:video-decoder-webm-vp8: 9c59270c3fd7afecdb556c50c9e8de78 -> 
  custom:audio-decoder-ogg-vorbis: bf7c407c2cedff20999df2af8eb42d56 -> 
  custom:audio-encoder-webm-vorbis: bf7c407c2cedff20999df2af8eb42d56 -> 
========================================================================
Received Import Request.
  Time since last request: 40.235673 seconds.
  path: Assets/MP4Videos/Video_2023-05-24 PM 123211.mp4
  artifactKey: Guid(be493c9018ab53d44894444798ee63d0) Importer(815301076,1909f56bfc062723c751e8b465ee728b)
Start importing Assets/MP4Videos/Video_2023-05-24 PM 123211.mp4 using Guid(be493c9018ab53d44894444798ee63d0) Importer(815301076,1909f56bfc062723c751e8b465ee728b)  -> (artifact id: 'c5c7c8dbab6fbadc3bed201b45f431d0') in 0.099238 seconds 
========================================================================
Received Import Request.
  Time since last request: 240.001363 seconds.
  path: Assets/Scenes/Char_Info.unity
  artifactKey: Guid(a8cb6a0ea0acf0e4399570a0194b57a1) Importer(815301076,1909f56bfc062723c751e8b465ee728b)
Start importing Assets/Scenes/Char_Info.unity using Guid(a8cb6a0ea0acf0e4399570a0194b57a1) Importer(815301076,1909f56bfc062723c751e8b465ee728b)  -> (artifact id: '5469d3442612b738844ebfd3ce4a515d') in 0.019733 seconds 
========================================================================
Received Import Request.
  Time since last request: 172.070390 seconds.
  path: Assets/UI/GitHub.psd
  artifactKey: Guid(da690bd0eaf0a57448f0f987e8d37198) Importer(815301076,1909f56bfc062723c751e8b465ee728b)
Start importing Assets/UI/GitHub.psd using Guid(da690bd0eaf0a57448f0f987e8d37198) Importer(815301076,1909f56bfc062723c751e8b465ee728b)  -> (artifact id: '7e6e802b1378ad98d86abb29c8d59019') in 0.235954 seconds 
========================================================================
Received Import Request.
  Time since last request: 4.776402 seconds.
  path: Packages/com.unity.recorder/Editor/Assets/imagesequence_16.png
  artifactKey: Guid(5970c978d42818b43afb0f5236f0c16a) Importer(815301076,1909f56bfc062723c751e8b465ee728b)
Start importing Packages/com.unity.recorder/Editor/Assets/imagesequence_16.png using Guid(5970c978d42818b43afb0f5236f0c16a) Importer(815301076,1909f56bfc062723c751e8b465ee728b)  -> (artifact id: '69f6fd424958b11343113eb951019ea7') in 0.161488 seconds 
========================================================================
Received Import Request.
  Time since last request: 0.000460 seconds.
  path: Assets/UI/MetaVerse_Background.jpg
  artifactKey: Guid(04fd5b7c0bb024e4c8ffdaf87efc7381) Importer(815301076,1909f56bfc062723c751e8b465ee728b)
Start importing Assets/UI/MetaVerse_Background.jpg using Guid(04fd5b7c0bb024e4c8ffdaf87efc7381) Importer(815301076,1909f56bfc062723c751e8b465ee728b)  -> (artifact id: '76ef5becad7166505c0add1242c64624') in 0.129896 seconds 
========================================================================
Received Import Request.
  Time since last request: 1.021732 seconds.
  path: Assets/UI/Opt_Btn.psd
  artifactKey: Guid(ff43cae0cb069494f91218f7e05ba7a3) Importer(815301076,1909f56bfc062723c751e8b465ee728b)
Start importing Assets/UI/Opt_Btn.psd using Guid(ff43cae0cb069494f91218f7e05ba7a3) Importer(815301076,1909f56bfc062723c751e8b465ee728b)  -> (artifact id: 'd93515fcbfbf243add5f3de43805beb5') in 0.062689 seconds 
========================================================================
Received Import Request.
  Time since last request: 0.000446 seconds.
  path: Assets/UI/Rec_Vid.psd
  artifactKey: Guid(c0e8bb0a824a1b14396d4dec5acef0ad) Importer(815301076,1909f56bfc062723c751e8b465ee728b)
Start importing Assets/UI/Rec_Vid.psd using Guid(c0e8bb0a824a1b14396d4dec5acef0ad) Importer(815301076,1909f56bfc062723c751e8b465ee728b)  -> (artifact id: '81beea4febaeb7ba075017a5c3379dad') in 0.084983 seconds 
========================================================================
Received Import Request.
  Time since last request: 0.000458 seconds.
  path: Assets/UI/Option.psd
  artifactKey: Guid(babb33140ce3ce64db29e3bd0a442045) Importer(815301076,1909f56bfc062723c751e8b465ee728b)
Start importing Assets/UI/Option.psd using Guid(babb33140ce3ce64db29e3bd0a442045) Importer(815301076,1909f56bfc062723c751e8b465ee728b)  -> (artifact id: '0108a303d885a8b948646e42802ed6e9') in 0.108774 seconds 
========================================================================
Received Import Request.
  Time since last request: 0.000526 seconds.
  path: Assets/UI/Rec_Mic.psd
  artifactKey: Guid(39b5e6851629a774f8f169405ed9f8f2) Importer(815301076,1909f56bfc062723c751e8b465ee728b)
Start importing Assets/UI/Rec_Mic.psd using Guid(39b5e6851629a774f8f169405ed9f8f2) Importer(815301076,1909f56bfc062723c751e8b465ee728b)  -> (artifact id: '9987ac56dca8c0616a0280777d0711a9') in 0.101183 seconds 
========================================================================
Received Import Request.
  Time since last request: 0.000462 seconds.
  path: Assets/UI/Rec_Stp.psd
  artifactKey: Guid(114903c2add00d347aca73c784091105) Importer(815301076,1909f56bfc062723c751e8b465ee728b)
Start importing Assets/UI/Rec_Stp.psd using Guid(114903c2add00d347aca73c784091105) Importer(815301076,1909f56bfc062723c751e8b465ee728b)  -> (artifact id: 'd82b9c5e9b860864133579b89aaa4272') in 0.114438 seconds 
========================================================================
Received Import Request.
  Time since last request: 0.000505 seconds.
  path: Assets/UI/Rec_Str.psd
  artifactKey: Guid(10bc10ec0e2e22a4aa0407d477f214f3) Importer(815301076,1909f56bfc062723c751e8b465ee728b)
Start importing Assets/UI/Rec_Str.psd using Guid(10bc10ec0e2e22a4aa0407d477f214f3) Importer(815301076,1909f56bfc062723c751e8b465ee728b)  -> (artifact id: '76a4777c9e417d043959eb81c4b5964d') in 0.139197 seconds 
========================================================================
Received Import Request.
  Time since last request: 0.000236 seconds.
  path: Assets/UI/Set_Pose.psd
  artifactKey: Guid(61654c49a679da547a394e115b42b047) Importer(815301076,1909f56bfc062723c751e8b465ee728b)
Start importing Assets/UI/Set_Pose.psd using Guid(61654c49a679da547a394e115b42b047) Importer(815301076,1909f56bfc062723c751e8b465ee728b)  -> (artifact id: '1a6f06875feeae75265a4afbd074e011') in 0.084520 seconds 
========================================================================
Received Import Request.
  Time since last request: 0.000620 seconds.
  path: Assets/UI/Set_Stage.psd
  artifactKey: Guid(c46f6e7363e5df34299630f83056c8da) Importer(815301076,1909f56bfc062723c751e8b465ee728b)
Start importing Assets/UI/Set_Stage.psd using Guid(c46f6e7363e5df34299630f83056c8da) Importer(815301076,1909f56bfc062723c751e8b465ee728b)  -> (artifact id: 'b7cc50eafb3ef07ccfe5264cf2c15a95') in 0.092853 seconds 
========================================================================
Received Import Request.
  Time since last request: 0.000442 seconds.
  path: Assets/UI/Set_Clothes.psd
  artifactKey: Guid(22b2ea7f825b6144eb5ea5b8984c8c28) Importer(815301076,1909f56bfc062723c751e8b465ee728b)
Start importing Assets/UI/Set_Clothes.psd using Guid(22b2ea7f825b6144eb5ea5b8984c8c28) Importer(815301076,1909f56bfc062723c751e8b465ee728b)  -> (artifact id: 'd438746cbcdcf75bb90782d0492e9274') in 0.063467 seconds 
========================================================================
Received Import Request.
  Time since last request: 1.999790 seconds.
  path: Assets/UI/VR_Start.psd
  artifactKey: Guid(b1e97d4a0957dcb4c89f9fb9f4b2f1eb) Importer(815301076,1909f56bfc062723c751e8b465ee728b)
Start importing Assets/UI/VR_Start.psd using Guid(b1e97d4a0957dcb4c89f9fb9f4b2f1eb) Importer(815301076,1909f56bfc062723c751e8b465ee728b)  -> (artifact id: '3b6ebbcab1b435104da6bb36c441b7c0') in 0.048396 seconds 
========================================================================
Received Prepare
Registering precompiled user dll's ...
Registered in 0.020325 seconds.
Begin MonoManager ReloadAssembly
Symbol file LoadedFromMemory doesn't match image C:\Users\hdstp\Documents\GitHub\UnityIntroductionProject\UnityIntroductionProject\Library\PackageCache\com.unity.collab-proxy@1.15.15\Lib\Editor\PlasticSCM\unityplastic.dll
Native extension for WindowsStandalone target not found
Refreshing native plugins compatible for Editor in 1.14 ms, found 5 plugins.
Preloading 0 native plugins for Editor in 0.00 ms.
Mono: successfully reloaded assembly
- Completed reload, in  2.964 seconds
Domain Reload Profiling:
	ReloadAssembly (2965ms)
		BeginReloadAssembly (324ms)
			ExecutionOrderSort (0ms)
			DisableScriptedObjects (9ms)
			BackupInstance (0ms)
			ReleaseScriptingObjects (0ms)
			CreateAndSetChildDomain (56ms)
		EndReloadAssembly (2502ms)
			LoadAssemblies (334ms)
			RebuildTransferFunctionScriptingTraits (0ms)
			SetupTypeCache (623ms)
			ReleaseScriptCaches (2ms)
			RebuildScriptCaches (111ms)
			SetupLoadedEditorAssemblies (1267ms)
				LogAssemblyErrors (0ms)
				InitializePlatformSupportModulesInManaged (13ms)
				SetLoadedEditorAssemblies (1ms)
				RefreshPlugins (1ms)
				BeforeProcessingInitializeOnLoad (205ms)
				ProcessInitializeOnLoadAttributes (956ms)
				ProcessInitializeOnLoadMethodAttributes (19ms)
				AfterProcessingInitializeOnLoad (70ms)
				EditorAssembliesLoaded (1ms)
			ExecutionOrderSort2 (0ms)
			AwakeInstancesAfterBackupRestoration (55ms)
Platform modules already initialized, skipping
Refreshing native plugins compatible for Editor in 1.21 ms, found 5 plugins.
Preloading 0 native plugins for Editor in 0.00 ms.
Unloading 2242 Unused Serialized files (Serialized files now loaded: 0)
System memory in use before: 108.5 MB.
System memory in use after: 108.8 MB.

Unloading 18 unused Assets to reduce memory usage. Loaded Objects now: 2772.
Total: 5.015700 ms (FindLiveObjects: 0.231300 ms CreateObjectMapping: 0.123900 ms MarkObjects: 4.602300 ms  DeleteObjects: 0.055700 ms)

AssetImportParameters requested are different than current active one (requested -> active):
  custom:framework-win-MediaFoundation: 216162199b28c13a410421893ffa2e32 -> 
  custom:video-decoder-ogg-theora: a1e56fd34408186e4bbccfd4996cb3dc -> 
  custom:container-muxer-webm: aa71ff27fc2769a1b78a27578f13a17b -> 
  custom:container-demuxer-webm: 4f35f7cbe854078d1ac9338744f61a02 -> 
  custom:container-demuxer-ogg: 62fdf1f143b41e24485cea50d1cbac27 -> 
  custom:video-encoder-webm-vp8: eb34c28f22e8b96e1ab97ce403110664 -> 
  custom:video-decoder-webm-vp8: 9c59270c3fd7afecdb556c50c9e8de78 -> 
  custom:audio-decoder-ogg-vorbis: bf7c407c2cedff20999df2af8eb42d56 -> 
  custom:audio-encoder-webm-vorbis: bf7c407c2cedff20999df2af8eb42d56 -> 
========================================================================
Received Prepare
Registering precompiled user dll's ...
Registered in 0.013761 seconds.
Begin MonoManager ReloadAssembly
Symbol file LoadedFromMemory doesn't match image C:\Users\hdstp\Documents\GitHub\UnityIntroductionProject\UnityIntroductionProject\Library\PackageCache\com.unity.collab-proxy@1.15.15\Lib\Editor\PlasticSCM\unityplastic.dll
Native extension for WindowsStandalone target not found
Refreshing native plugins compatible for Editor in 0.80 ms, found 5 plugins.
Preloading 0 native plugins for Editor in 0.00 ms.
Mono: successfully reloaded assembly
- Completed reload, in  2.182 seconds
Domain Reload Profiling:
	ReloadAssembly (2183ms)
		BeginReloadAssembly (254ms)
			ExecutionOrderSort (0ms)
			DisableScriptedObjects (8ms)
			BackupInstance (0ms)
			ReleaseScriptingObjects (0ms)
			CreateAndSetChildDomain (48ms)
		EndReloadAssembly (1795ms)
			LoadAssemblies (320ms)
			RebuildTransferFunctionScriptingTraits (0ms)
			SetupTypeCache (601ms)
			ReleaseScriptCaches (1ms)
			RebuildScriptCaches (85ms)
			SetupLoadedEditorAssemblies (605ms)
				LogAssemblyErrors (0ms)
				InitializePlatformSupportModulesInManaged (9ms)
				SetLoadedEditorAssemblies (1ms)
				RefreshPlugins (1ms)
				BeforeProcessingInitializeOnLoad (182ms)
				ProcessInitializeOnLoadAttributes (368ms)
				ProcessInitializeOnLoadMethodAttributes (18ms)
				AfterProcessingInitializeOnLoad (25ms)
				EditorAssembliesLoaded (1ms)
			ExecutionOrderSort2 (0ms)
			AwakeInstancesAfterBackupRestoration (15ms)
Platform modules already initialized, skipping
Refreshing native plugins compatible for Editor in 1.21 ms, found 5 plugins.
Preloading 0 native plugins for Editor in 0.00 ms.
Unloading 2242 Unused Serialized files (Serialized files now loaded: 0)
System memory in use before: 108.5 MB.
System memory in use after: 108.8 MB.

Unloading 18 unused Assets to reduce memory usage. Loaded Objects now: 2775.
Total: 6.814000 ms (FindLiveObjects: 0.509900 ms CreateObjectMapping: 0.367100 ms MarkObjects: 5.888300 ms  DeleteObjects: 0.046200 ms)

AssetImportParameters requested are different than current active one (requested -> active):
  custom:framework-win-MediaFoundation: 216162199b28c13a410421893ffa2e32 -> 
  custom:video-decoder-ogg-theora: a1e56fd34408186e4bbccfd4996cb3dc -> 
  custom:container-muxer-webm: aa71ff27fc2769a1b78a27578f13a17b -> 
  custom:container-demuxer-webm: 4f35f7cbe854078d1ac9338744f61a02 -> 
  custom:container-demuxer-ogg: 62fdf1f143b41e24485cea50d1cbac27 -> 
  custom:video-encoder-webm-vp8: eb34c28f22e8b96e1ab97ce403110664 -> 
  custom:video-decoder-webm-vp8: 9c59270c3fd7afecdb556c50c9e8de78 -> 
  custom:audio-decoder-ogg-vorbis: bf7c407c2cedff20999df2af8eb42d56 -> 
  custom:audio-encoder-webm-vorbis: bf7c407c2cedff20999df2af8eb42d56 -> 
========================================================================
Received Prepare
Registering precompiled user dll's ...
Registered in 0.014274 seconds.
Begin MonoManager ReloadAssembly
Symbol file LoadedFromMemory doesn't match image C:\Users\hdstp\Documents\GitHub\UnityIntroductionProject\UnityIntroductionProject\Library\PackageCache\com.unity.collab-proxy@1.15.15\Lib\Editor\PlasticSCM\unityplastic.dll
Native extension for WindowsStandalone target not found
Refreshing native plugins compatible for Editor in 0.80 ms, found 5 plugins.
Preloading 0 native plugins for Editor in 0.00 ms.
Mono: successfully reloaded assembly
- Completed reload, in  2.141 seconds
Domain Reload Profiling:
	ReloadAssembly (2142ms)
		BeginReloadAssembly (301ms)
			ExecutionOrderSort (0ms)
			DisableScriptedObjects (9ms)
			BackupInstance (0ms)
			ReleaseScriptingObjects (0ms)
			CreateAndSetChildDomain (54ms)
		EndReloadAssembly (1697ms)
			LoadAssemblies (318ms)
			RebuildTransferFunctionScriptingTraits (0ms)
			SetupTypeCache (589ms)
			ReleaseScriptCaches (1ms)
			RebuildScriptCaches (86ms)
			SetupLoadedEditorAssemblies (596ms)
				LogAssemblyErrors (0ms)
				InitializePlatformSupportModulesInManaged (11ms)
				SetLoadedEditorAssemblies (1ms)
				RefreshPlugins (1ms)
				BeforeProcessingInitializeOnLoad (189ms)
				ProcessInitializeOnLoadAttributes (337ms)
				ProcessInitializeOnLoadMethodAttributes (19ms)
				AfterProcessingInitializeOnLoad (38ms)
				EditorAssembliesLoaded (1ms)
			ExecutionOrderSort2 (0ms)
			AwakeInstancesAfterBackupRestoration (15ms)
Platform modules already initialized, skipping
Refreshing native plugins compatible for Editor in 1.33 ms, found 5 plugins.
Preloading 0 native plugins for Editor in 0.00 ms.
Unloading 2242 Unused Serialized files (Serialized files now loaded: 0)
System memory in use before: 108.5 MB.
System memory in use after: 108.7 MB.

Unloading 18 unused Assets to reduce memory usage. Loaded Objects now: 2778.
Total: 6.724800 ms (FindLiveObjects: 0.751200 ms CreateObjectMapping: 0.391000 ms MarkObjects: 5.538000 ms  DeleteObjects: 0.041700 ms)

AssetImportParameters requested are different than current active one (requested -> active):
  custom:framework-win-MediaFoundation: 216162199b28c13a410421893ffa2e32 -> 
  custom:video-decoder-ogg-theora: a1e56fd34408186e4bbccfd4996cb3dc -> 
  custom:container-muxer-webm: aa71ff27fc2769a1b78a27578f13a17b -> 
  custom:container-demuxer-webm: 4f35f7cbe854078d1ac9338744f61a02 -> 
  custom:container-demuxer-ogg: 62fdf1f143b41e24485cea50d1cbac27 -> 
  custom:video-encoder-webm-vp8: eb34c28f22e8b96e1ab97ce403110664 -> 
  custom:video-decoder-webm-vp8: 9c59270c3fd7afecdb556c50c9e8de78 -> 
  custom:audio-decoder-ogg-vorbis: bf7c407c2cedff20999df2af8eb42d56 -> 
  custom:audio-encoder-webm-vorbis: bf7c407c2cedff20999df2af8eb42d56 -> 
========================================================================
Received Prepare
Registering precompiled user dll's ...
Registered in 0.030927 seconds.
Begin MonoManager ReloadAssembly
Symbol file LoadedFromMemory doesn't match image C:\Users\hdstp\Documents\GitHub\UnityIntroductionProject\UnityIntroductionProject\Library\PackageCache\com.unity.collab-proxy@1.15.15\Lib\Editor\PlasticSCM\unityplastic.dll
Native extension for WindowsStandalone target not found
Refreshing native plugins compatible for Editor in 2.10 ms, found 5 plugins.
Preloading 0 native plugins for Editor in 0.00 ms.
Mono: successfully reloaded assembly
- Completed reload, in  4.114 seconds
Domain Reload Profiling:
	ReloadAssembly (4116ms)
		BeginReloadAssembly (512ms)
			ExecutionOrderSort (0ms)
			DisableScriptedObjects (14ms)
			BackupInstance (0ms)
			ReleaseScriptingObjects (0ms)
			CreateAndSetChildDomain (98ms)
		EndReloadAssembly (3339ms)
			LoadAssemblies (601ms)
			RebuildTransferFunctionScriptingTraits (0ms)
			SetupTypeCache (1050ms)
			ReleaseScriptCaches (3ms)
			RebuildScriptCaches (196ms)
			SetupLoadedEditorAssemblies (1232ms)
				LogAssemblyErrors (0ms)
				InitializePlatformSupportModulesInManaged (20ms)
				SetLoadedEditorAssemblies (5ms)
				RefreshPlugins (2ms)
				BeforeProcessingInitializeOnLoad (385ms)
				ProcessInitializeOnLoadAttributes (722ms)
				ProcessInitializeOnLoadMethodAttributes (31ms)
				AfterProcessingInitializeOnLoad (65ms)
				EditorAssembliesLoaded (1ms)
			ExecutionOrderSort2 (0ms)
			AwakeInstancesAfterBackupRestoration (22ms)
Platform modules already initialized, skipping
Refreshing native plugins compatible for Editor in 2.94 ms, found 5 plugins.
Preloading 0 native plugins for Editor in 0.00 ms.
Unloading 2242 Unused Serialized files (Serialized files now loaded: 0)
System memory in use before: 108.6 MB.
System memory in use after: 108.8 MB.

Unloading 18 unused Assets to reduce memory usage. Loaded Objects now: 2781.
Total: 27.339600 ms (FindLiveObjects: 0.908700 ms CreateObjectMapping: 0.685000 ms MarkObjects: 25.679900 ms  DeleteObjects: 0.062600 ms)

AssetImportParameters requested are different than current active one (requested -> active):
  custom:framework-win-MediaFoundation: 216162199b28c13a410421893ffa2e32 -> 
  custom:video-decoder-ogg-theora: a1e56fd34408186e4bbccfd4996cb3dc -> 
  custom:container-muxer-webm: aa71ff27fc2769a1b78a27578f13a17b -> 
  custom:container-demuxer-webm: 4f35f7cbe854078d1ac9338744f61a02 -> 
  custom:container-demuxer-ogg: 62fdf1f143b41e24485cea50d1cbac27 -> 
  custom:video-encoder-webm-vp8: eb34c28f22e8b96e1ab97ce403110664 -> 
  custom:video-decoder-webm-vp8: 9c59270c3fd7afecdb556c50c9e8de78 -> 
  custom:audio-decoder-ogg-vorbis: bf7c407c2cedff20999df2af8eb42d56 -> 
  custom:audio-encoder-webm-vorbis: bf7c407c2cedff20999df2af8eb42d56 -> 
========================================================================
Received Import Request.
  Time since last request: 1200.012425 seconds.
  path: Assets/MP4Videos/Video_2023-05-24 PM 125908.mp4
  artifactKey: Guid(e308f65ced044dd4db1d28092cd26822) Importer(815301076,1909f56bfc062723c751e8b465ee728b)
Start importing Assets/MP4Videos/Video_2023-05-24 PM 125908.mp4 using Guid(e308f65ced044dd4db1d28092cd26822) Importer(815301076,1909f56bfc062723c751e8b465ee728b)  -> (artifact id: 'efb61ba286714816574d6d301f1afb52') in 5.158758 seconds 
========================================================================
Received Prepare
Registering precompiled user dll's ...
Registered in 0.018430 seconds.
Begin MonoManager ReloadAssembly
Symbol file LoadedFromMemory doesn't match image C:\Users\hdstp\Documents\GitHub\UnityIntroductionProject\UnityIntroductionProject\Library\PackageCache\com.unity.collab-proxy@1.15.15\Lib\Editor\PlasticSCM\unityplastic.dll
Native extension for WindowsStandalone target not found
Refreshing native plugins compatible for Editor in 0.80 ms, found 5 plugins.
Preloading 0 native plugins for Editor in 0.00 ms.
Mono: successfully reloaded assembly
- Completed reload, in  2.376 seconds
Domain Reload Profiling:
	ReloadAssembly (2377ms)
		BeginReloadAssembly (329ms)
			ExecutionOrderSort (0ms)
			DisableScriptedObjects (10ms)
			BackupInstance (0ms)
			ReleaseScriptingObjects (0ms)
			CreateAndSetChildDomain (73ms)
		EndReloadAssembly (1864ms)
			LoadAssemblies (313ms)
			RebuildTransferFunctionScriptingTraits (0ms)
			SetupTypeCache (651ms)
			ReleaseScriptCaches (1ms)
			RebuildScriptCaches (84ms)
			SetupLoadedEditorAssemblies (641ms)
				LogAssemblyErrors (0ms)
				InitializePlatformSupportModulesInManaged (9ms)
				SetLoadedEditorAssemblies (1ms)
				RefreshPlugins (1ms)
				BeforeProcessingInitializeOnLoad (175ms)
				ProcessInitializeOnLoadAttributes (393ms)
				ProcessInitializeOnLoadMethodAttributes (26ms)
				AfterProcessingInitializeOnLoad (36ms)
				EditorAssembliesLoaded (0ms)
			ExecutionOrderSort2 (0ms)
			AwakeInstancesAfterBackupRestoration (12ms)
Platform modules already initialized, skipping
Refreshing native plugins compatible for Editor in 1.21 ms, found 5 plugins.
Preloading 0 native plugins for Editor in 0.00 ms.
Unloading 2242 Unused Serialized files (Serialized files now loaded: 0)
System memory in use before: 108.6 MB.
System memory in use after: 108.8 MB.

Unloading 18 unused Assets to reduce memory usage. Loaded Objects now: 2784.
Total: 6.294500 ms (FindLiveObjects: 0.523900 ms CreateObjectMapping: 0.334000 ms MarkObjects: 5.383800 ms  DeleteObjects: 0.049800 ms)

AssetImportParameters requested are different than current active one (requested -> active):
  custom:framework-win-MediaFoundation: 216162199b28c13a410421893ffa2e32 -> 
  custom:video-decoder-ogg-theora: a1e56fd34408186e4bbccfd4996cb3dc -> 
  custom:container-muxer-webm: aa71ff27fc2769a1b78a27578f13a17b -> 
  custom:container-demuxer-webm: 4f35f7cbe854078d1ac9338744f61a02 -> 
  custom:container-demuxer-ogg: 62fdf1f143b41e24485cea50d1cbac27 -> 
  custom:video-encoder-webm-vp8: eb34c28f22e8b96e1ab97ce403110664 -> 
  custom:video-decoder-webm-vp8: 9c59270c3fd7afecdb556c50c9e8de78 -> 
  custom:audio-decoder-ogg-vorbis: bf7c407c2cedff20999df2af8eb42d56 -> 
  custom:audio-encoder-webm-vorbis: bf7c407c2cedff20999df2af8eb42d56 -> 
========================================================================
Received Prepare
Registering precompiled user dll's ...
Registered in 0.032903 seconds.
Begin MonoManager ReloadAssembly
Symbol file LoadedFromMemory doesn't match image C:\Users\hdstp\Documents\GitHub\UnityIntroductionProject\UnityIntroductionProject\Library\PackageCache\com.unity.collab-proxy@1.15.15\Lib\Editor\PlasticSCM\unityplastic.dll
Native extension for WindowsStandalone target not found
Refreshing native plugins compatible for Editor in 1.19 ms, found 5 plugins.
Preloading 0 native plugins for Editor in 0.00 ms.
Mono: successfully reloaded assembly
- Completed reload, in 11.613 seconds
Domain Reload Profiling:
	ReloadAssembly (11614ms)
		BeginReloadAssembly (689ms)
			ExecutionOrderSort (0ms)
			DisableScriptedObjects (9ms)
			BackupInstance (0ms)
			ReleaseScriptingObjects (0ms)
			CreateAndSetChildDomain (57ms)
		EndReloadAssembly (10736ms)
			LoadAssemblies (739ms)
			RebuildTransferFunctionScriptingTraits (0ms)
			SetupTypeCache (3651ms)
			ReleaseScriptCaches (5ms)
			RebuildScriptCaches (427ms)
			SetupLoadedEditorAssemblies (1148ms)
				LogAssemblyErrors (0ms)
				InitializePlatformSupportModulesInManaged (25ms)
				SetLoadedEditorAssemblies (2ms)
				RefreshPlugins (1ms)
				BeforeProcessingInitializeOnLoad (390ms)
				ProcessInitializeOnLoadAttributes (636ms)
				ProcessInitializeOnLoadMethodAttributes (34ms)
				AfterProcessingInitializeOnLoad (59ms)
				EditorAssembliesLoaded (1ms)
			ExecutionOrderSort2 (0ms)
			AwakeInstancesAfterBackupRestoration (24ms)
Platform modules already initialized, skipping
Refreshing native plugins compatible for Editor in 2.85 ms, found 5 plugins.
Preloading 0 native plugins for Editor in 0.00 ms.
Unloading 2242 Unused Serialized files (Serialized files now loaded: 0)
System memory in use before: 108.6 MB.
System memory in use after: 108.8 MB.

Unloading 18 unused Assets to reduce memory usage. Loaded Objects now: 2787.
Total: 62.202200 ms (FindLiveObjects: 2.010700 ms CreateObjectMapping: 1.282800 ms MarkObjects: 58.800600 ms  DeleteObjects: 0.104600 ms)

AssetImportParameters requested are different than current active one (requested -> active):
  custom:framework-win-MediaFoundation: 216162199b28c13a410421893ffa2e32 -> 
  custom:video-decoder-ogg-theora: a1e56fd34408186e4bbccfd4996cb3dc -> 
  custom:container-muxer-webm: aa71ff27fc2769a1b78a27578f13a17b -> 
  custom:container-demuxer-webm: 4f35f7cbe854078d1ac9338744f61a02 -> 
  custom:container-demuxer-ogg: 62fdf1f143b41e24485cea50d1cbac27 -> 
  custom:video-encoder-webm-vp8: eb34c28f22e8b96e1ab97ce403110664 -> 
  custom:video-decoder-webm-vp8: 9c59270c3fd7afecdb556c50c9e8de78 -> 
  custom:audio-decoder-ogg-vorbis: bf7c407c2cedff20999df2af8eb42d56 -> 
  custom:audio-encoder-webm-vorbis: bf7c407c2cedff20999df2af8eb42d56 -> 
========================================================================
Received Import Request.
  Time since last request: 62.016250 seconds.
  path: Assets/MP4Videos/Video_2023-05-24 PM 10010.mp4
  artifactKey: Guid(58b3b3b0fbaa64847aa2c4ce33cbd5a7) Importer(815301076,1909f56bfc062723c751e8b465ee728b)
Start importing Assets/MP4Videos/Video_2023-05-24 PM 10010.mp4 using Guid(58b3b3b0fbaa64847aa2c4ce33cbd5a7) Importer(815301076,1909f56bfc062723c751e8b465ee728b)  -> (artifact id: 'f5a0f26243d8766e669b645c51ffdbb7') in 0.127820 seconds 
========================================================================
Received Prepare
Registering precompiled user dll's ...
Registered in 0.017470 seconds.
Begin MonoManager ReloadAssembly
Symbol file LoadedFromMemory doesn't match image C:\Users\hdstp\Documents\GitHub\UnityIntroductionProject\UnityIntroductionProject\Library\PackageCache\com.unity.collab-proxy@1.15.15\Lib\Editor\PlasticSCM\unityplastic.dll
Native extension for WindowsStandalone target not found
Refreshing native plugins compatible for Editor in 0.79 ms, found 5 plugins.
Preloading 0 native plugins for Editor in 0.00 ms.
Mono: successfully reloaded assembly
- Completed reload, in  1.880 seconds
Domain Reload Profiling:
	ReloadAssembly (1881ms)
		BeginReloadAssembly (244ms)
			ExecutionOrderSort (0ms)
			DisableScriptedObjects (8ms)
			BackupInstance (0ms)
			ReleaseScriptingObjects (0ms)
			CreateAndSetChildDomain (47ms)
		EndReloadAssembly (1507ms)
			LoadAssemblies (269ms)
			RebuildTransferFunctionScriptingTraits (0ms)
			SetupTypeCache (488ms)
			ReleaseScriptCaches (1ms)
			RebuildScriptCaches (78ms)
			SetupLoadedEditorAssemblies (557ms)
				LogAssemblyErrors (0ms)
				InitializePlatformSupportModulesInManaged (10ms)
				SetLoadedEditorAssemblies (1ms)
				RefreshPlugins (1ms)
				BeforeProcessingInitializeOnLoad (173ms)
				ProcessInitializeOnLoadAttributes (331ms)
				ProcessInitializeOnLoadMethodAttributes (18ms)
				AfterProcessingInitializeOnLoad (23ms)
				EditorAssembliesLoaded (1ms)
			ExecutionOrderSort2 (0ms)
			AwakeInstancesAfterBackupRestoration (11ms)
Platform modules already initialized, skipping
Refreshing native plugins compatible for Editor in 1.21 ms, found 5 plugins.
Preloading 0 native plugins for Editor in 0.00 ms.
Unloading 2242 Unused Serialized files (Serialized files now loaded: 0)
System memory in use before: 108.6 MB.
System memory in use after: 108.8 MB.

Unloading 18 unused Assets to reduce memory usage. Loaded Objects now: 2790.
Total: 5.363000 ms (FindLiveObjects: 0.358700 ms CreateObjectMapping: 0.182100 ms MarkObjects: 4.774000 ms  DeleteObjects: 0.045600 ms)

AssetImportParameters requested are different than current active one (requested -> active):
  custom:framework-win-MediaFoundation: 216162199b28c13a410421893ffa2e32 -> 
  custom:video-decoder-ogg-theora: a1e56fd34408186e4bbccfd4996cb3dc -> 
  custom:container-muxer-webm: aa71ff27fc2769a1b78a27578f13a17b -> 
  custom:container-demuxer-webm: 4f35f7cbe854078d1ac9338744f61a02 -> 
  custom:container-demuxer-ogg: 62fdf1f143b41e24485cea50d1cbac27 -> 
  custom:video-encoder-webm-vp8: eb34c28f22e8b96e1ab97ce403110664 -> 
  custom:video-decoder-webm-vp8: 9c59270c3fd7afecdb556c50c9e8de78 -> 
  custom:audio-decoder-ogg-vorbis: bf7c407c2cedff20999df2af8eb42d56 -> 
  custom:audio-encoder-webm-vorbis: bf7c407c2cedff20999df2af8eb42d56 -> 
========================================================================
Received Prepare
Registering precompiled user dll's ...
Registered in 0.013253 seconds.
Begin MonoManager ReloadAssembly
Symbol file LoadedFromMemory doesn't match image C:\Users\hdstp\Documents\GitHub\UnityIntroductionProject\UnityIntroductionProject\Library\PackageCache\com.unity.collab-proxy@1.15.15\Lib\Editor\PlasticSCM\unityplastic.dll
Native extension for WindowsStandalone target not found
Refreshing native plugins compatible for Editor in 1.06 ms, found 5 plugins.
Preloading 0 native plugins for Editor in 0.00 ms.
Mono: successfully reloaded assembly
- Completed reload, in  1.926 seconds
Domain Reload Profiling:
	ReloadAssembly (1927ms)
		BeginReloadAssembly (273ms)
			ExecutionOrderSort (0ms)
			DisableScriptedObjects (8ms)
			BackupInstance (0ms)
			ReleaseScriptingObjects (0ms)
			CreateAndSetChildDomain (59ms)
		EndReloadAssembly (1523ms)
			LoadAssemblies (280ms)
			RebuildTransferFunctionScriptingTraits (0ms)
			SetupTypeCache (503ms)
			ReleaseScriptCaches (1ms)
			RebuildScriptCaches (79ms)
			SetupLoadedEditorAssemblies (549ms)
				LogAssemblyErrors (0ms)
				InitializePlatformSupportModulesInManaged (9ms)
				SetLoadedEditorAssemblies (1ms)
				RefreshPlugins (1ms)
				BeforeProcessingInitializeOnLoad (171ms)
				ProcessInitializeOnLoadAttributes (325ms)
				ProcessInitializeOnLoadMethodAttributes (19ms)
				AfterProcessingInitializeOnLoad (23ms)
				EditorAssembliesLoaded (0ms)
			ExecutionOrderSort2 (0ms)
			AwakeInstancesAfterBackupRestoration (12ms)
Platform modules already initialized, skipping
Refreshing native plugins compatible for Editor in 1.21 ms, found 5 plugins.
Preloading 0 native plugins for Editor in 0.00 ms.
Unloading 2242 Unused Serialized files (Serialized files now loaded: 0)
System memory in use before: 108.5 MB.
System memory in use after: 108.7 MB.

Unloading 18 unused Assets to reduce memory usage. Loaded Objects now: 2793.
Total: 6.126400 ms (FindLiveObjects: 0.399300 ms CreateObjectMapping: 0.239600 ms MarkObjects: 5.450300 ms  DeleteObjects: 0.034500 ms)

AssetImportParameters requested are different than current active one (requested -> active):
  custom:framework-win-MediaFoundation: 216162199b28c13a410421893ffa2e32 -> 
  custom:video-decoder-ogg-theora: a1e56fd34408186e4bbccfd4996cb3dc -> 
  custom:container-muxer-webm: aa71ff27fc2769a1b78a27578f13a17b -> 
  custom:container-demuxer-webm: 4f35f7cbe854078d1ac9338744f61a02 -> 
  custom:container-demuxer-ogg: 62fdf1f143b41e24485cea50d1cbac27 -> 
  custom:video-encoder-webm-vp8: eb34c28f22e8b96e1ab97ce403110664 -> 
  custom:video-decoder-webm-vp8: 9c59270c3fd7afecdb556c50c9e8de78 -> 
  custom:audio-decoder-ogg-vorbis: bf7c407c2cedff20999df2af8eb42d56 -> 
  custom:audio-encoder-webm-vorbis: bf7c407c2cedff20999df2af8eb42d56 -> 
AssetImportWorkerClient::OnTransportError - code=2 error=End of file
